<?xml version="1.0" encoding="UTF-8"?>
<!-- Generated by org.testng.reporters.JUnitXMLReporter -->
<testsuite ignored="0" hostname="harinijp" failures="2" tests="13" name="EndToEndCombinationTest" time="179.101" errors="0" timestamp="2025-09-08T17:54:59 IST">
  <testcase classname="testCases.EndToEndCombinedTests" name="verifyHomePageLoads" time="2.363"/>
  <testcase classname="testCases.EndToEndCombinedTests" name="validLoginTest" time="25.386"/>
  <testcase classname="testCases.EndToEndCombinedTests" name="testProductSearch" time="4.868">
    <failure type="java.lang.AssertionError" message="Product list did not update or product &amp;apos;Galaxy S10&amp;apos; not found. expected [true] but found [false]">
      <![CDATA[java.lang.AssertionError: Product list did not update or product 'Galaxy S10' not found. expected [true] but found [false]
at testCases.EndToEndCombinedTests.testProductSearch(EndToEndCombinedTests.java:124)
at java.base/java.util.ArrayList.forEach(ArrayList.java:1596)
... Removed 28 stack frames]]>
    </failure>
  </testcase> <!-- testProductSearch -->
  <testcase classname="testCases.EndToEndCombinedTests" name="testProductSearch" time="3.177">
    <failure type="java.lang.AssertionError" message="Product list did not update or product &amp;apos;One Plus 7&amp;apos; not found. expected [true] but found [false]">
      <![CDATA[java.lang.AssertionError: Product list did not update or product 'One Plus 7' not found. expected [true] but found [false]
at testCases.EndToEndCombinedTests.testProductSearch(EndToEndCombinedTests.java:124)
at java.base/java.util.ArrayList.forEach(ArrayList.java:1596)
... Removed 28 stack frames]]>
    </failure>
  </testcase> <!-- testProductSearch -->
  <testcase classname="testCases.EndToEndCombinedTests" name="testFilterAndSort" time="4.478"/>
  <testcase classname="testCases.EndToEndCombinedTests" name="testFilterAndSort" time="3.318"/>
  <testcase classname="testCases.EndToEndCombinedTests" name="addFirstProductToCartTest" time="0.734"/>
  <testcase classname="testCases.EndToEndCombinedTests" name="addNamedProductToCartTest" time="2.433"/>
  <testcase classname="testCases.EndToEndCombinedTests" name="increaseQuantityAndVerifySubtotal" time="2.193"/>
  <testcase classname="testCases.EndToEndCombinedTests" name="removeItemFromCartTest" time="2.636"/>
  <testcase classname="testCases.EndToEndCombinedTests" name="addSecondItemToCartTest" time="2.607"/>
  <testcase classname="testCases.EndToEndCombinedTests" name="checkoutShippingAndSubmitTest" time="34.717"/>
  <testcase classname="testCases.EndToEndCombinedTests" name="fullCheckoutFlow_login_add_checkout_confirm_download_continue_checkNavs_logout" time="37.033"/>
</testsuite> <!-- EndToEndCombinationTest -->
